<?xml version="1.0" encoding="utf-8"?><testsuites><testsuite errors="0" failures="2" hostname="fros" name="pytest" skipped="0" tests="7" time="3.218" timestamp="2020-07-22T21:22:53.061540"><testcase classname="test_submit" file="test_submit.py" line="3" name="test_q1" time="0.001"></testcase><testcase classname="test_submit" file="test_submit.py" line="11" name="test_q2" time="0.005"></testcase><testcase classname="test_submit" file="test_submit.py" line="16" name="test_q3" time="0.001"><failure message="assert 17 == 18
  +17
  -18">+17
      -18
E   assert 17 == 18</failure></testcase><testcase classname="test_submit" file="test_submit.py" line="21" name="test_q4" time="0.001"></testcase><testcase classname="test_submit" file="test_submit.py" line="26" name="test_q5" time="0.001"><failure message="AssertionError: assert &apos;True&apos; == False
  +&apos;True&apos;
  -False">+&apos;True&apos;
      -False
E   AssertionError: assert &apos;True&apos; == False</failure></testcase><testcase classname="test_submit" file="test_submit.py" line="34" name="test_q6" time="0.001"></testcase><testcase classname="test_submit" file="test_submit.py" line="39" name="test_q7" time="0.001"></testcase></testsuite></testsuites>